
   INFO  Processing jobs from the [default] queue.  

  2025-08-17 23:26:24 App\Jobs\CheckWebsiteJob ............................................................................. RUNNING
  2025-08-17 23:26:24 App\Jobs\CheckWebsiteJob ........................................................................ 22.67ms DONE
  2025-08-17 23:26:24 App\Jobs\CheckWebsiteJob ............................................................................. RUNNING
  2025-08-17 23:26:24 App\Jobs\CheckWebsiteJob ......................................................................... 5.29ms FAIL
  2025-08-17 23:26:24 App\Jobs\CheckWebsiteJob ............................................................................. RUNNING
  2025-08-17 23:26:24 App\Jobs\CheckWebsiteJob ......................................................................... 4.98ms FAIL
  2025-08-17 23:26:24 App\Jobs\CheckWebsiteJob ............................................................................. RUNNING
  2025-08-17 23:26:24 App\Jobs\CheckWebsiteJob ......................................................................... 4.99ms FAIL
  2025-08-17 23:26:24 App\Jobs\CheckWebsiteJob ............................................................................. RUNNING
  2025-08-17 23:26:24 App\Jobs\CheckWebsiteJob ......................................................................... 4.97ms DONE
  2025-08-17 23:26:24 App\Jobs\CheckWebsiteJob ............................................................................. RUNNING
  2025-08-17 23:26:24 App\Jobs\CheckWebsiteJob ......................................................................... 5.52ms DONE
  2025-08-17 23:26:24 App\Jobs\CheckWebsiteJob ............................................................................. RUNNING
  2025-08-17 23:26:24 App\Jobs\CheckWebsiteJob ......................................................................... 5.46ms FAIL
  2025-08-17 23:26:24 App\Jobs\CheckWebsiteJob ............................................................................. RUNNING
  2025-08-17 23:26:24 App\Jobs\CheckWebsiteJob ......................................................................... 4.98ms FAIL
  2025-08-17 23:26:24 App\Jobs\CheckWebsiteJob ............................................................................. RUNNING
  2025-08-17 23:26:24 App\Jobs\CheckWebsiteJob ......................................................................... 4.91ms FAIL
  2025-08-17 23:26:24 App\Jobs\CheckWebsiteJob ............................................................................. RUNNING
  2025-08-17 23:26:24 App\Jobs\CheckWebsiteJob ......................................................................... 5.42ms DONE
  2025-08-17 23:26:24 App\Jobs\CheckWebsiteJob ............................................................................. RUNNING
  2025-08-17 23:26:24 App\Jobs\CheckWebsiteJob ......................................................................... 4.91ms DONE
  2025-08-17 23:26:24 App\Jobs\CheckWebsiteJob ............................................................................. RUNNING
  2025-08-17 23:26:24 App\Jobs\CheckWebsiteJob ......................................................................... 4.99ms FAIL
  2025-08-17 23:26:24 App\Jobs\CheckWebsiteJob ............................................................................. RUNNING
  2025-08-17 23:26:24 App\Jobs\CheckWebsiteJob ......................................................................... 5.04ms FAIL
  2025-08-17 23:26:24 App\Jobs\CheckWebsiteJob ............................................................................. RUNNING
  2025-08-17 23:26:24 App\Jobs\CheckWebsiteJob ......................................................................... 4.91ms FAIL
  2025-08-17 23:26:24 App\Jobs\CheckWebsiteJob ............................................................................. RUNNING
  2025-08-17 23:26:24 App\Jobs\CheckWebsiteJob ......................................................................... 5.19ms DONE
  2025-08-17 23:26:24 App\Jobs\CheckWebsiteJob ............................................................................. RUNNING
  2025-08-17 23:26:24 App\Jobs\CheckWebsiteJob ......................................................................... 5.19ms DONE
  2025-08-17 23:26:24 App\Jobs\CheckWebsiteJob ............................................................................. RUNNING
  2025-08-17 23:26:24 App\Jobs\CheckWebsiteJob ......................................................................... 4.95ms FAIL
  2025-08-17 23:26:24 App\Jobs\CheckWebsiteJob ............................................................................. RUNNING
  2025-08-17 23:26:24 App\Jobs\CheckWebsiteJob ......................................................................... 4.88ms FAIL
  2025-08-17 23:26:24 App\Jobs\CheckWebsiteJob ............................................................................. RUNNING
  2025-08-17 23:26:24 App\Jobs\CheckWebsiteJob ......................................................................... 4.83ms FAIL
  2025-08-17 23:26:24 App\Jobs\CheckWebsiteJob ............................................................................. RUNNING
  2025-08-17 23:26:24 App\Jobs\CheckWebsiteJob ......................................................................... 5.12ms DONE
  2025-08-17 23:26:24 App\Jobs\CheckWebsiteJob ............................................................................. RUNNING
  2025-08-17 23:26:24 App\Jobs\CheckWebsiteJob ......................................................................... 5.09ms DONE
  2025-08-17 23:26:24 App\Jobs\CheckWebsiteJob ............................................................................. RUNNING
  2025-08-17 23:26:24 App\Jobs\CheckWebsiteJob ......................................................................... 4.82ms FAIL
  2025-08-17 23:26:24 App\Jobs\CheckWebsiteJob ............................................................................. RUNNING
  2025-08-17 23:26:24 App\Jobs\CheckWebsiteJob ......................................................................... 4.77ms FAIL
  2025-08-17 23:26:24 App\Jobs\CheckWebsiteJob ............................................................................. RUNNING
  2025-08-17 23:26:24 App\Jobs\CheckWebsiteJob ......................................................................... 4.86ms FAIL
  2025-08-17 23:26:24 App\Jobs\CheckWebsiteJob ............................................................................. RUNNING
  2025-08-17 23:26:24 App\Jobs\CheckWebsiteJob ......................................................................... 5.08ms DONE
  2025-08-17 23:26:24 App\Jobs\CheckWebsiteJob ............................................................................. RUNNING
  2025-08-17 23:26:24 App\Jobs\CheckWebsiteJob ......................................................................... 5.15ms DONE
  2025-08-17 23:26:24 App\Jobs\CheckWebsiteJob ............................................................................. RUNNING
  2025-08-17 23:26:24 App\Jobs\CheckWebsiteJob ......................................................................... 4.97ms FAIL
  2025-08-17 23:26:24 App\Jobs\CheckWebsiteJob ............................................................................. RUNNING
  2025-08-17 23:26:24 App\Jobs\CheckWebsiteJob ......................................................................... 4.70ms FAIL
  2025-08-17 23:26:24 App\Jobs\CheckWebsiteJob ............................................................................. RUNNING
  2025-08-17 23:26:24 App\Jobs\CheckWebsiteJob ......................................................................... 4.81ms FAIL
  2025-08-17 23:26:24 App\Jobs\CheckWebsiteJob ............................................................................. RUNNING
  2025-08-17 23:26:24 App\Jobs\CheckWebsiteJob ......................................................................... 5.19ms DONE
  2025-08-17 23:26:24 App\Jobs\CheckWebsiteJob ............................................................................. RUNNING
  2025-08-17 23:26:24 App\Jobs\CheckWebsiteJob ......................................................................... 5.29ms DONE
  2025-08-17 23:26:24 App\Jobs\CheckWebsiteJob ............................................................................. RUNNING
  2025-08-17 23:26:24 App\Jobs\CheckWebsiteJob ......................................................................... 6.01ms FAIL
  2025-08-17 23:26:24 App\Jobs\CheckWebsiteJob ............................................................................. RUNNING
  2025-08-17 23:26:24 App\Jobs\CheckWebsiteJob ......................................................................... 5.18ms FAIL
  2025-08-17 23:26:24 App\Jobs\CheckWebsiteJob ............................................................................. RUNNING
  2025-08-17 23:26:24 App\Jobs\CheckWebsiteJob ......................................................................... 5.03ms FAIL
  2025-08-17 23:26:24 App\Jobs\CheckWebsiteJob ............................................................................. RUNNING
  2025-08-17 23:26:24 App\Jobs\CheckWebsiteJob ......................................................................... 5.41ms DONE
  2025-08-17 23:26:24 App\Jobs\CheckWebsiteJob ............................................................................. RUNNING
  2025-08-17 23:26:24 App\Jobs\CheckWebsiteJob ......................................................................... 5.03ms DONE
  2025-08-17 23:26:24 App\Jobs\CheckWebsiteJob ............................................................................. RUNNING
  2025-08-17 23:26:24 App\Jobs\CheckWebsiteJob ......................................................................... 4.87ms FAIL
  2025-08-17 23:26:24 App\Jobs\CheckWebsiteJob ............................................................................. RUNNING
  2025-08-17 23:26:24 App\Jobs\CheckWebsiteJob ......................................................................... 4.88ms FAIL
  2025-08-17 23:26:24 App\Jobs\CheckWebsiteJob ............................................................................. RUNNING
  2025-08-17 23:26:24 App\Jobs\CheckWebsiteJob ......................................................................... 5.02ms FAIL
  2025-08-17 23:26:24 App\Jobs\CheckWebsiteJob ............................................................................. RUNNING
  2025-08-17 23:26:24 App\Jobs\CheckWebsiteJob ......................................................................... 5.41ms DONE
  2025-08-17 23:26:24 App\Jobs\CheckWebsiteJob ............................................................................. RUNNING
  2025-08-17 23:26:24 App\Jobs\CheckWebsiteJob ......................................................................... 5.22ms DONE
  2025-08-17 23:26:24 App\Jobs\CheckWebsiteJob ............................................................................. RUNNING
  2025-08-17 23:26:24 App\Jobs\CheckWebsiteJob ......................................................................... 4.77ms FAIL
  2025-08-17 23:26:24 App\Jobs\CheckWebsiteJob ............................................................................. RUNNING
  2025-08-17 23:26:24 App\Jobs\CheckWebsiteJob ......................................................................... 5.09ms FAIL
  2025-08-17 23:26:24 App\Jobs\CheckWebsiteJob ............................................................................. RUNNING
  2025-08-17 23:26:24 App\Jobs\CheckWebsiteJob ......................................................................... 4.91ms FAIL
  2025-08-17 23:26:24 App\Jobs\CheckWebsiteJob ............................................................................. RUNNING
  2025-08-17 23:26:24 App\Jobs\CheckWebsiteJob ......................................................................... 5.15ms DONE
  2025-08-17 23:26:24 App\Jobs\CheckWebsiteJob ............................................................................. RUNNING
  2025-08-17 23:26:24 App\Jobs\CheckWebsiteJob ......................................................................... 5.23ms DONE
  2025-08-17 23:26:24 App\Jobs\CheckWebsiteJob ............................................................................. RUNNING
  2025-08-17 23:26:24 App\Jobs\CheckWebsiteJob ......................................................................... 5.21ms FAIL
  2025-08-17 23:26:24 App\Jobs\CheckWebsiteJob ............................................................................. RUNNING
  2025-08-17 23:26:24 App\Jobs\CheckWebsiteJob ......................................................................... 4.93ms FAIL
  2025-08-17 23:26:24 App\Jobs\CheckWebsiteJob ............................................................................. RUNNING
  2025-08-17 23:26:24 App\Jobs\CheckWebsiteJob ......................................................................... 4.77ms FAIL
  2025-08-17 23:26:24 App\Jobs\CheckWebsiteJob ............................................................................. RUNNING
  2025-08-17 23:26:24 App\Jobs\CheckWebsiteJob ......................................................................... 5.11ms DONE
  2025-08-17 23:26:24 App\Jobs\CheckWebsiteJob ............................................................................. RUNNING
  2025-08-17 23:26:24 App\Jobs\CheckWebsiteJob ......................................................................... 5.04ms DONE
  2025-08-17 23:26:24 App\Jobs\CheckWebsiteJob ............................................................................. RUNNING
  2025-08-17 23:26:24 App\Jobs\CheckWebsiteJob ......................................................................... 4.86ms FAIL
  2025-08-17 23:26:24 App\Jobs\CheckWebsiteJob ............................................................................. RUNNING
  2025-08-17 23:26:24 App\Jobs\CheckWebsiteJob ......................................................................... 4.82ms FAIL
  2025-08-17 23:26:24 App\Jobs\CheckWebsiteJob ............................................................................. RUNNING
  2025-08-17 23:26:24 App\Jobs\CheckWebsiteJob ......................................................................... 4.79ms FAIL
  2025-08-17 23:26:24 App\Jobs\CheckWebsiteJob ............................................................................. RUNNING
  2025-08-17 23:26:24 App\Jobs\CheckWebsiteJob ......................................................................... 5.08ms DONE
  2025-08-17 23:26:24 App\Jobs\CheckWebsiteJob ............................................................................. RUNNING
  2025-08-17 23:26:24 App\Jobs\CheckWebsiteJob ......................................................................... 5.07ms DONE
  2025-08-17 23:26:24 App\Jobs\CheckWebsiteJob ............................................................................. RUNNING
  2025-08-17 23:26:24 App\Jobs\CheckWebsiteJob ......................................................................... 4.89ms FAIL
  2025-08-17 23:26:24 App\Jobs\CheckWebsiteJob ............................................................................. RUNNING
  2025-08-17 23:26:24 App\Jobs\CheckWebsiteJob ......................................................................... 4.83ms FAIL
  2025-08-17 23:26:24 App\Jobs\CheckWebsiteJob ............................................................................. RUNNING
  2025-08-17 23:26:24 App\Jobs\CheckWebsiteJob ......................................................................... 4.85ms FAIL
  2025-08-17 23:26:24 App\Jobs\CheckWebsiteJob ............................................................................. RUNNING
  2025-08-17 23:26:24 App\Jobs\CheckWebsiteJob ......................................................................... 5.03ms DONE
  2025-08-17 23:26:24 App\Jobs\CheckWebsiteJob ............................................................................. RUNNING
  2025-08-17 23:26:24 App\Jobs\CheckWebsiteJob ......................................................................... 4.98ms DONE
  2025-08-17 23:26:24 App\Jobs\CheckWebsiteJob ............................................................................. RUNNING
  2025-08-17 23:26:24 App\Jobs\CheckWebsiteJob ......................................................................... 4.87ms FAIL
  2025-08-17 23:26:24 App\Jobs\CheckWebsiteJob ............................................................................. RUNNING
  2025-08-17 23:26:24 App\Jobs\CheckWebsiteJob ......................................................................... 4.93ms FAIL
  2025-08-17 23:26:24 App\Jobs\CheckWebsiteJob ............................................................................. RUNNING
  2025-08-17 23:26:24 App\Jobs\CheckWebsiteJob ......................................................................... 4.96ms FAIL
  2025-08-17 23:26:24 App\Jobs\CheckWebsiteJob ............................................................................. RUNNING
  2025-08-17 23:26:24 App\Jobs\CheckWebsiteJob ......................................................................... 5.42ms DONE
  2025-08-17 23:26:24 App\Jobs\CheckWebsiteJob ............................................................................. RUNNING
  2025-08-17 23:26:24 App\Jobs\CheckWebsiteJob ......................................................................... 5.41ms DONE
  2025-08-17 23:26:24 App\Jobs\CheckWebsiteJob ............................................................................. RUNNING
  2025-08-17 23:26:24 App\Jobs\CheckWebsiteJob ......................................................................... 5.43ms FAIL
  2025-08-17 23:26:24 App\Jobs\CheckWebsiteJob ............................................................................. RUNNING
  2025-08-17 23:26:24 App\Jobs\CheckWebsiteJob ......................................................................... 4.89ms FAIL
  2025-08-17 23:26:24 App\Jobs\CheckWebsiteJob ............................................................................. RUNNING
  2025-08-17 23:26:24 App\Jobs\CheckWebsiteJob ......................................................................... 4.90ms FAIL
  2025-08-17 23:26:24 App\Jobs\CheckWebsiteJob ............................................................................. RUNNING
  2025-08-17 23:26:24 App\Jobs\CheckWebsiteJob ......................................................................... 5.19ms DONE

   INFO  Processing jobs from the [default] queue.  

  2025-08-17 23:46:00 App\Jobs\CheckWebsiteJob ............................................................................. RUNNING
  2025-08-17 23:46:00 App\Jobs\CheckWebsiteJob ........................................................................ 14.23ms DONE
  2025-08-17 23:47:01 App\Jobs\CheckWebsiteJob ............................................................................. RUNNING
  2025-08-17 23:47:01 App\Jobs\CheckWebsiteJob ........................................................................ 18.06ms DONE
  2025-08-17 23:48:01 App\Jobs\CheckWebsiteJob ............................................................................. RUNNING
  2025-08-17 23:48:01 App\Jobs\CheckWebsiteJob ........................................................................ 11.37ms DONE
  2025-08-17 23:49:01 App\Jobs\CheckWebsiteJob ............................................................................. RUNNING
  2025-08-17 23:49:01 App\Jobs\CheckWebsiteJob ........................................................................ 10.30ms DONE
  2025-08-17 23:51:00 App\Jobs\CheckWebsiteJob ............................................................................. RUNNING
  2025-08-17 23:51:00 App\Jobs\CheckWebsiteJob ........................................................................ 16.06ms DONE
  2025-08-17 23:52:00 App\Jobs\CheckWebsiteJob ............................................................................. RUNNING
  2025-08-17 23:52:00 App\Jobs\CheckWebsiteJob ......................................................................... 8.40ms DONE
  2025-08-17 23:53:00 App\Jobs\CheckWebsiteJob ............................................................................. RUNNING
  2025-08-17 23:53:00 App\Jobs\CheckWebsiteJob ........................................................................ 15.44ms DONE
